[ 2014-09-26T21:59:04+08:00 ] 127.0.0.1 /
INFO: [ app_begin ] --START--
INFO: ReadHtmlCache Behavior ::run [ RunTime:0.001063s ]
INFO: [ app_begin ] --END-- [ RunTime:0.002609s ]

[ 2014-09-26T21:59:04+08:00 ] 127.0.0.1 /Admin/Login/index.html
INFO: [ route_check ] --START--
INFO: CheckRoute Behavior ::run [ RunTime:0.001008s ]
INFO: [ route_check ] --END-- [ RunTime:0.001131s ]
INFO: [ app_begin ] --START--
INFO: ReadHtmlCache Behavior ::run [ RunTime:0.000583s ]
INFO: [ app_begin ] --END-- [ RunTime:0.000729s ]
INFO: [ view_parse ] --START--
INFO: ParseTemplate Behavior ::run [ RunTime:0.048419s ]
INFO: [ view_parse ] --END-- [ RunTime:0.048554s ]
INFO: [ view_filter ] --START--
INFO: ContentReplace Behavior ::run [ RunTime:0.000639s ]
INFO: TokenBuild Behavior ::run [ RunTime:0.000584s ]
INFO: WriteHtmlCache Behavior ::run [ RunTime:0.000503s ]
INFO: ShowRuntime Behavior ::run [ RunTime:0.000761s ]
INFO: [ view_filter ] --END-- [ RunTime:0.002791s ]
INFO: [ view_end ] --START--
INFO: ShowPageTrace Behavior ::run [ RunTime:0.000948s ]
INFO: [ view_end ] --END-- [ RunTime:0.001059s ]

[ 2014-09-26T21:59:04+08:00 ] 127.0.0.1 /Login/verify
INFO: [ route_check ] --START--
INFO: CheckRoute Behavior ::run [ RunTime:0.001375s ]
INFO: [ route_check ] --END-- [ RunTime:0.001613s ]
INFO: [ app_begin ] --START--
INFO: ReadHtmlCache Behavior ::run [ RunTime:0.001418s ]
INFO: [ app_begin ] --END-- [ RunTime:0.001892s ]
NOTIC: [8] A session had already been started - ignoring session_start() D:\wamp\www\myApp\ThinkPHP\Extend\Library\ORG\Util\Verify.class.php 第 78 行.

